<?xml version="1.0" encoding="UTF-8"?>
<!-- Generated by org.testng.reporters.JUnitXMLReporter -->
<testsuite ignored="0" hostname="DESKTOP-Q0RMI1I" failures="1" tests="2" name="Test_Runner 1" time="0.809" errors="0" timestamp="2022-03-03T14:36:41 IST">
  <testcase classname="com.crm.GenericLibrary.BaseClass" name="@BeforeTest launchTheBrowser" time="-1.646298400506E9">
    <failure type="org.testng.TestNGException" message="
Can inject only one of &amp;lt;ITestContext, XmlTest&amp;gt; into a @BeforeTest annotated launchTheBrowser.
For more information on native dependency injection please refer to https://testng.org/doc/documentation-main.html#native-dependency-injection">
      <![CDATA[org.testng.TestNGException: 
Can inject only one of <ITestContext, XmlTest> into a @BeforeTest annotated launchTheBrowser.
For more information on native dependency injection please refer to https://testng.org/doc/documentation-main.html#native-dependency-injection
at java.base/java.util.concurrent.FutureTask.run(FutureTask.java:264)
at java.base/java.util.concurrent.ThreadPoolExecutor.runWorker(ThreadPoolExecutor.java:1136)
at java.base/java.util.concurrent.ThreadPoolExecutor$Worker.run(ThreadPoolExecutor.java:635)
at java.base/java.lang.Thread.run(Thread.java:833)
... Removed 12 stack frames]]>
    </failure>
  </testcase> <!-- @BeforeTest launchTheBrowser -->
  <testcase classname="com.crm.GenericLibrary.BaseClass" name="@BeforeTest launchTheBrowser" time="-1.646298400506E9">
    <failure type="org.testng.TestNGException" message="
Can inject only one of &amp;lt;ITestContext, XmlTest&amp;gt; into a @BeforeTest annotated launchTheBrowser.
For more information on native dependency injection please refer to https://testng.org/doc/documentation-main.html#native-dependency-injection">
      <![CDATA[org.testng.TestNGException: 
Can inject only one of <ITestContext, XmlTest> into a @BeforeTest annotated launchTheBrowser.
For more information on native dependency injection please refer to https://testng.org/doc/documentation-main.html#native-dependency-injection
at java.base/java.util.concurrent.FutureTask.run(FutureTask.java:264)
at java.base/java.util.concurrent.ThreadPoolExecutor.runWorker(ThreadPoolExecutor.java:1136)
at java.base/java.util.concurrent.ThreadPoolExecutor$Worker.run(ThreadPoolExecutor.java:635)
at java.base/java.lang.Thread.run(Thread.java:833)
... Removed 12 stack frames]]>
    </failure>
  </testcase> <!-- @BeforeTest launchTheBrowser -->
  <testcase classname="com.crm.GenericLibrary.BaseClass" name="@BeforeClass launchTheBrowser" time="-1.646298400532E9">
    <skipped/>
  </testcase> <!-- @BeforeClass launchTheBrowser -->
  <testcase classname="com.crm.GenericLibrary.BaseClass" name="@BeforeClass launchTheBrowser" time="-1.646298400532E9">
    <skipped/>
  </testcase> <!-- @BeforeClass launchTheBrowser -->
  <testcase classname="com.crm.GenericLibrary.BaseClass" name="@BeforeMethod login" time="-1.646298400548E9">
    <skipped/>
  </testcase> <!-- @BeforeMethod login -->
  <testcase classname="com.crm.GenericLibrary.BaseClass" name="@BeforeMethod login" time="-1.646298400548E9">
    <skipped/>
  </testcase> <!-- @BeforeMethod login -->
  <testcase classname="com.crm.GenericLibrary.BaseClass" name="@AfterClass closeBrowser" time="-1.646298400556E9">
    <skipped/>
  </testcase> <!-- @AfterClass closeBrowser -->
  <testcase classname="com.crm.GenericLibrary.BaseClass" name="@AfterClass closeBrowser" time="-1.646298400556E9">
    <skipped/>
  </testcase> <!-- @AfterClass closeBrowser -->
  <testcase classname="com.crm.OrganizationTests.CreateOrgWithBaseClassTest" name="createOrgWithType" time="0.0">
    <skipped/>
  </testcase> <!-- createOrgWithType -->
  <testcase classname="com.crm.OrganizationTests.CreateOrgCooseIndustryType_BaseClass_Test" name="createOrgCooseIndustryTypeTest" time="0.75">
    <failure type="java.lang.NullPointerException" message="Cannot invoke &amp;quot;org.apache.poi.ss.usermodel.Row.getCell(int)&amp;quot; because &amp;quot;ro&amp;quot; is null">
      <![CDATA[java.lang.NullPointerException: Cannot invoke "org.apache.poi.ss.usermodel.Row.getCell(int)" because "ro" is null
at com.crm.GenericLibrary.ExcelFieUtility.readDataFromExcel(ExcelFieUtility.java:32)
at com.crm.OrganizationTests.CreateOrgCooseIndustryType_BaseClass_Test.createOrgCooseIndustryTypeTest(CreateOrgCooseIndustryType_BaseClass_Test.java:36)
at java.base/java.util.ArrayList.forEach(ArrayList.java:1511)
at java.base/java.util.concurrent.FutureTask.run(FutureTask.java:264)
at java.base/java.util.concurrent.ThreadPoolExecutor.runWorker(ThreadPoolExecutor.java:1136)
at java.base/java.util.concurrent.ThreadPoolExecutor$Worker.run(ThreadPoolExecutor.java:635)
at java.base/java.lang.Thread.run(Thread.java:833)
... Removed 18 stack frames]]>
    </failure>
  </testcase> <!-- createOrgCooseIndustryTypeTest -->
</testsuite> <!-- Test_Runner 1 -->
